<?xml version="1.0" encoding="UTF-8"?>
<testng-results ignored="0" total="1" passed="1" failed="0" skipped="0">
  <reporter-output>
  </reporter-output>
  <suite started-at="2026-08-02T10:40:59 IST" name="Default suite" finished-at="2026-08-02T10:41:09 IST" duration-ms="10962">
    <groups>
    </groups>
    <test started-at="2026-08-02T10:40:59 IST" name="Default test" finished-at="2026-08-02T10:41:09 IST" duration-ms="10962">
      <class name="pack.Login_log4j2">
        <test-method signature="Register()[pri:0, instance:pack.Login_log4j2@459e9125]" started-at="2026-08-02T10:40:59 IST" name="Register" finished-at="2026-08-02T10:41:09 IST" duration-ms="10854" status="PASS">
          <reporter-output>
          </reporter-output>
        </test-method> <!-- Register -->
      </class> <!-- pack.Login_log4j2 -->
    </test> <!-- Default test -->
  </suite> <!-- Default suite -->
</testng-results>
